<?xml version="1.0" encoding="UTF-8"?>
<beans xmlns="http://www.springframework.org/schema/beans"
	xmlns:xsi="http://www.w3.org/2001/XMLSchema-instance" 
	xmlns:context="http://www.springframework.org/schema/context"
	xmlns:tx="http://www.springframework.org/schema/tx" 
	xmlns:p="http://www.springframework.org/schema/p"
	xmlns:util="http://www.springframework.org/schema/util"
	xsi:schemaLocation="
    http://www.springframework.org/schema/beans https://www.springframework.org/schema/beans/spring-beans.xsd
    http://www.springframework.org/schema/context https://www.springframework.org/schema/context/spring-context.xsd
    http://www.springframework.org/schema/util https://www.springframework.org/schema/util/spring-util.xsd
    http://www.springframework.org/schema/tx https://www.springframework.org/schema/tx/spring-tx.xsd"
	default-lazy-init="true"
	default-autowire="byName">
	
	<import resource="org/openforis/collect/application-context-core.xml"/>
    
	<bean id="devPropertyConfigurer"
		class="org.springframework.beans.factory.config.PropertyPlaceholderConfigurer">
		<!-- <property name="location" value="file:${user.dir}/dev.properties"/> -->
		<property name="ignoreResourceNotFound" value="true"/>
		<property name="locations">
			<list>
				<value>classpath:/default-dev.properties</value>
				<value>file:${user.dir}/dev.properties</value>
			</list>
		</property>
	</bean>
     
	<bean id="dataSource" class="org.springframework.jdbc.datasource.SingleConnectionDataSource" destroy-method="destroy">
		<property name="driverClassName" value="${collect.devdb.driver}" />
		<property name="url" value="${collect.devdb.url}"/>
		<property name="username" value="${collect.devdb.username}" />
		<property name="password" value="${collect.devdb.password}" />
	</bean>
	
	<bean class="org.jooq.impl.SingleConnectionDataSourceConnectionProvider" name="connectionProvider">
        <constructor-arg ref="transactionAwareDataSource" />
    </bean>
	
	<bean id="recordEventBatchPublisher" class="org.openforis.collect.io.data.FakeNodeChangeBatchProcessor"
		scope="prototype">
	</bean>
	
	<bean id="lookupProvider" class="org.openforis.idm.model.TestLookupProvider" />
	
</beans>
